0 info it worked if it ends with ok
1 verbose cli [ 'C:\\Program Files (x86)\\nodejs\\node.exe',
1 verbose cli   'C:\\Users\\Indira Vaddiparti\\AppData\\Roaming\\npm\\node_modules\\npm\\bin\\npm-cli.js',
1 verbose cli   'install',
1 verbose cli   'gulp-jshint@2.4.0' ]
2 info using npm@3.10.6
3 info using node@v4.5.0
4 silly loadCurrentTree Starting
5 silly install loadCurrentTree
6 silly install readLocalPackageData
7 silly fetchPackageMetaData gulp-jshint@2.4.0
8 silly fetchNamedPackageData gulp-jshint
9 silly mapToRegistry name gulp-jshint
10 silly mapToRegistry using default registry
11 silly mapToRegistry registry https://registry.npmjs.org/
12 silly mapToRegistry data Result {
12 silly mapToRegistry   raw: 'gulp-jshint',
12 silly mapToRegistry   scope: null,
12 silly mapToRegistry   escapedName: 'gulp-jshint',
12 silly mapToRegistry   name: 'gulp-jshint',
12 silly mapToRegistry   rawSpec: '',
12 silly mapToRegistry   spec: 'latest',
12 silly mapToRegistry   type: 'tag' }
13 silly mapToRegistry uri https://registry.npmjs.org/gulp-jshint
14 verbose request uri https://registry.npmjs.org/gulp-jshint
15 verbose request no auth needed
16 info attempt registry request try #1 at 11:32:56 PM
17 verbose request id 030d1ae73476d361
18 verbose etag "5LX7GDMF18XEDIAAC2MQQRZ6W"
19 http request GET https://registry.npmjs.org/gulp-jshint
20 http 304 https://registry.npmjs.org/gulp-jshint
21 verbose headers { date: 'Mon, 22 Aug 2016 03:32:56 GMT',
21 verbose headers   via: '1.1 varnish',
21 verbose headers   'cache-control': 'max-age=300',
21 verbose headers   etag: '"5LX7GDMF18XEDIAAC2MQQRZ6W"',
21 verbose headers   age: '90',
21 verbose headers   connection: 'keep-alive',
21 verbose headers   'x-served-by': 'cache-iad2143-IAD',
21 verbose headers   'x-cache': 'HIT',
21 verbose headers   'x-cache-hits': '1',
21 verbose headers   'x-timer': 'S1471836776.977229,VS0,VE0',
21 verbose headers   vary: 'Accept-Encoding' }
22 silly get cb [ 304,
22 silly get   { date: 'Mon, 22 Aug 2016 03:32:56 GMT',
22 silly get     via: '1.1 varnish',
22 silly get     'cache-control': 'max-age=300',
22 silly get     etag: '"5LX7GDMF18XEDIAAC2MQQRZ6W"',
22 silly get     age: '90',
22 silly get     connection: 'keep-alive',
22 silly get     'x-served-by': 'cache-iad2143-IAD',
22 silly get     'x-cache': 'HIT',
22 silly get     'x-cache-hits': '1',
22 silly get     'x-timer': 'S1471836776.977229,VS0,VE0',
22 silly get     vary: 'Accept-Encoding' } ]
23 verbose etag https://registry.npmjs.org/gulp-jshint from cache
24 verbose get saving gulp-jshint to C:\Users\Indira Vaddiparti\AppData\Roaming\npm-cache\registry.npmjs.org\gulp-jshint\.cache.json
25 verbose correctMkdir C:\Users\Indira Vaddiparti\AppData\Roaming\npm-cache correctMkdir not in flight; initializing
26 silly fetchNamedPackageData No valid target from cache, forcing network
27 verbose request uri https://registry.npmjs.org/gulp-jshint
28 verbose request no auth needed
29 info attempt registry request try #1 at 11:32:57 PM
30 http request GET https://registry.npmjs.org/gulp-jshint
31 http 200 https://registry.npmjs.org/gulp-jshint
32 verbose headers { server: 'CouchDB/1.5.0 (Erlang OTP/R16B03)',
32 verbose headers   etag: '"5LX7GDMF18XEDIAAC2MQQRZ6W"',
32 verbose headers   'content-type': 'application/json',
32 verbose headers   'content-encoding': 'gzip',
32 verbose headers   'cache-control': 'max-age=300',
32 verbose headers   'content-length': '10517',
32 verbose headers   'accept-ranges': 'bytes',
32 verbose headers   date: 'Mon, 22 Aug 2016 03:32:57 GMT',
32 verbose headers   via: '1.1 varnish',
32 verbose headers   age: '90',
32 verbose headers   connection: 'keep-alive',
32 verbose headers   'x-served-by': 'cache-iad2143-IAD',
32 verbose headers   'x-cache': 'HIT',
32 verbose headers   'x-cache-hits': '2',
32 verbose headers   'x-timer': 'S1471836777.127067,VS0,VE0',
32 verbose headers   vary: 'Accept-Encoding' }
33 silly get cb [ 200,
33 silly get   { server: 'CouchDB/1.5.0 (Erlang OTP/R16B03)',
33 silly get     etag: '"5LX7GDMF18XEDIAAC2MQQRZ6W"',
33 silly get     'content-type': 'application/json',
33 silly get     'content-encoding': 'gzip',
33 silly get     'cache-control': 'max-age=300',
33 silly get     'content-length': '10517',
33 silly get     'accept-ranges': 'bytes',
33 silly get     date: 'Mon, 22 Aug 2016 03:32:57 GMT',
33 silly get     via: '1.1 varnish',
33 silly get     age: '90',
33 silly get     connection: 'keep-alive',
33 silly get     'x-served-by': 'cache-iad2143-IAD',
33 silly get     'x-cache': 'HIT',
33 silly get     'x-cache-hits': '2',
33 silly get     'x-timer': 'S1471836777.127067,VS0,VE0',
33 silly get     vary: 'Accept-Encoding' } ]
34 verbose get saving gulp-jshint to C:\Users\Indira Vaddiparti\AppData\Roaming\npm-cache\registry.npmjs.org\gulp-jshint\.cache.json
35 verbose correctMkdir C:\Users\Indira Vaddiparti\AppData\Roaming\npm-cache correctMkdir not in flight; initializing
36 silly fetchPackageMetaData Error: No compatible version found: gulp-jshint@2.4.0
36 silly fetchPackageMetaData Valid install targets:
36 silly fetchPackageMetaData 2.0.1, 2.0.0, 1.12.0, 1.11.2, 1.11.1, 1.11.0, 1.10.0, 1.9.4, 1.9.3, 1.9.2, 1.9.0, 1.8.6, 1.8.5, 1.8.4, 1.8.3, 1.8.2, 1.8.1, 1.8.0, 1.7.1, 1.7.0, 1.6.4, 1.6.3, 1.6.2, 1.6.1, 1.6.0, 1.5.6, 1.5.5, 1.5.4, 1.5.3, 1.5.2, 1.5.1, 1.5.0, 1.4.2, 1.4.1, 1.4.0, 1.3.4, 1.3.3, 1.3.2, 1.3.1, 1.3.0, 1.2.0, 1.1.0, 1.0.0, 0.1.0, 0.0.1
36 silly fetchPackageMetaData
36 silly fetchPackageMetaData     at pickVersionFromRegistryDocument (C:\Users\Indira Vaddiparti\AppData\Roaming\npm\node_modules\npm\lib\fetch-package-metadata.js:178:16)
36 silly fetchPackageMetaData     at C:\Users\Indira Vaddiparti\AppData\Roaming\npm\node_modules\npm\node_modules\iferr\index.js:13:50
36 silly fetchPackageMetaData     at C:\Users\Indira Vaddiparti\AppData\Roaming\npm\node_modules\npm\lib\utils\pulse-till-done.js:20:8
36 silly fetchPackageMetaData     at saved (C:\Users\Indira Vaddiparti\AppData\Roaming\npm\node_modules\npm\lib\cache\caching-client.js:174:7)
36 silly fetchPackageMetaData     at C:\Users\Indira Vaddiparti\AppData\Roaming\npm\node_modules\npm\node_modules\graceful-fs\polyfills.js:210:7
36 silly fetchPackageMetaData     at FSReqWrap.oncomplete (fs.js:82:15)
36 silly fetchPackageMetaData  error for gulp-jshint@2.4.0 [Error: No compatible version found: gulp-jshint@2.4.0
36 silly fetchPackageMetaData Valid install targets:
36 silly fetchPackageMetaData 2.0.1, 2.0.0, 1.12.0, 1.11.2, 1.11.1, 1.11.0, 1.10.0, 1.9.4, 1.9.3, 1.9.2, 1.9.0, 1.8.6, 1.8.5, 1.8.4, 1.8.3, 1.8.2, 1.8.1, 1.8.0, 1.7.1, 1.7.0, 1.6.4, 1.6.3, 1.6.2, 1.6.1, 1.6.0, 1.5.6, 1.5.5, 1.5.4, 1.5.3, 1.5.2, 1.5.1, 1.5.0, 1.4.2, 1.4.1, 1.4.0, 1.3.4, 1.3.3, 1.3.2, 1.3.1, 1.3.0, 1.2.0, 1.1.0, 1.0.0, 0.1.0, 0.0.1
36 silly fetchPackageMetaData ]
37 silly rollbackFailedOptional Starting
38 silly rollbackFailedOptional Finishing
39 silly runTopLevelLifecycles Starting
40 silly runTopLevelLifecycles Finishing
41 silly install printInstalled
42 verbose stack Error: No compatible version found: gulp-jshint@2.4.0
42 verbose stack Valid install targets:
42 verbose stack 2.0.1, 2.0.0, 1.12.0, 1.11.2, 1.11.1, 1.11.0, 1.10.0, 1.9.4, 1.9.3, 1.9.2, 1.9.0, 1.8.6, 1.8.5, 1.8.4, 1.8.3, 1.8.2, 1.8.1, 1.8.0, 1.7.1, 1.7.0, 1.6.4, 1.6.3, 1.6.2, 1.6.1, 1.6.0, 1.5.6, 1.5.5, 1.5.4, 1.5.3, 1.5.2, 1.5.1, 1.5.0, 1.4.2, 1.4.1, 1.4.0, 1.3.4, 1.3.3, 1.3.2, 1.3.1, 1.3.0, 1.2.0, 1.1.0, 1.0.0, 0.1.0, 0.0.1
42 verbose stack
42 verbose stack     at pickVersionFromRegistryDocument (C:\Users\Indira Vaddiparti\AppData\Roaming\npm\node_modules\npm\lib\fetch-package-metadata.js:178:16)
42 verbose stack     at C:\Users\Indira Vaddiparti\AppData\Roaming\npm\node_modules\npm\node_modules\iferr\index.js:13:50
42 verbose stack     at C:\Users\Indira Vaddiparti\AppData\Roaming\npm\node_modules\npm\lib\utils\pulse-till-done.js:20:8
42 verbose stack     at saved (C:\Users\Indira Vaddiparti\AppData\Roaming\npm\node_modules\npm\lib\cache\caching-client.js:174:7)
42 verbose stack     at C:\Users\Indira Vaddiparti\AppData\Roaming\npm\node_modules\npm\node_modules\graceful-fs\polyfills.js:210:7
42 verbose stack     at FSReqWrap.oncomplete (fs.js:82:15)
43 verbose cwd C:\Users\Indira Vaddiparti\WebstormProjects\p2prec
44 error Windows_NT 10.0.10586
45 error argv "C:\\Program Files (x86)\\nodejs\\node.exe" "C:\\Users\\Indira Vaddiparti\\AppData\\Roaming\\npm\\node_modules\\npm\\bin\\npm-cli.js" "install" "gulp-jshint@2.4.0"
46 error node v4.5.0
47 error npm  v3.10.6
48 error No compatible version found: gulp-jshint@2.4.0
48 error Valid install targets:
48 error 2.0.1, 2.0.0, 1.12.0, 1.11.2, 1.11.1, 1.11.0, 1.10.0, 1.9.4, 1.9.3, 1.9.2, 1.9.0, 1.8.6, 1.8.5, 1.8.4, 1.8.3, 1.8.2, 1.8.1, 1.8.0, 1.7.1, 1.7.0, 1.6.4, 1.6.3, 1.6.2, 1.6.1, 1.6.0, 1.5.6, 1.5.5, 1.5.4, 1.5.3, 1.5.2, 1.5.1, 1.5.0, 1.4.2, 1.4.1, 1.4.0, 1.3.4, 1.3.3, 1.3.2, 1.3.1, 1.3.0, 1.2.0, 1.1.0, 1.0.0, 0.1.0, 0.0.1
49 error If you need help, you may report this error at:
49 error     <https://github.com/npm/npm/issues>
50 verbose exit [ 1, true ]
